<?xml version="1.0" encoding="UTF-8"?>
<testsuites name="TS01" time="105.386" tests="5" failures="0" errors="0">
   <testsuite name="TS01" tests="5" failures="0" errors="0" time="105.386" timestamp="2020-10-13 21:06:45" hostname="Admin - DESKTOP-TGS0M7C" id="Test Suites/TS01">
      <properties>
         <property name="deviceName" value=""/>
         <property name="devicePlatform" value=""/>
         <property name="logFolder" value="C:\\Users\\Admin\\Katalon Studio\\TEST\\Reports\\20201013_210633\\TS01\\20201013_210633"/>
         <property name="logFiles" value="C:\\Users\\Admin\\Katalon Studio\\TEST\\Reports\\20201013_210633\\TS01\\20201013_210633\\execution0.log"/>
         <property name="attachments" value=""/>
         <property name="hostName" value="Admin - DESKTOP-TGS0M7C"/>
         <property name="os" value="Windows 10 64bit"/>
         <property name="katalonVersion" value="7.7.1.205"/>
         <property name="browser" value="Edge Chromium 86"/>
         <property name="hostAddress" value="10.53.2.178"/>
         <property name="sessionId" value="509c236711fcf7f3c031913d0b3a3d99"/>
         <property name="seleniumVersion" value="3.141.59"/>
         <property name="proxyInformation" value="ProxyInformation { proxyOption=NO_PROXY, proxyServerType=HTTP, username=, password=********, proxyServerAddress=, proxyServerPort=0, executionList=&quot;&quot;, isApplyToDesiredCapabilities=true }"/>
         <property name="platform" value="Windows 10"/>
      </properties>
      <testcase name="Test Cases/TC001" time="21.424" classname="Test Cases/TC001" status="PASSED">
         <system-out><![CDATA[2020-10-13 21:06:46 - [TEST_CASE][PASSED] - Test Cases/TC001: Test Cases/TC001

2020-10-13 21:06:47 - [TEST_STEP][PASSED] - openBrowser(""): Browser is opened with url: ''

2020-10-13 21:06:48 - [MESSAGE][INFO] - Starting 'Edge Chromium' driver

2020-10-13 21:06:49 - [MESSAGE][INFO] - Action delay is set to 0 milliseconds

2020-10-13 21:06:53 - [MESSAGE][PASSED] - Browser is opened with url: ''

2020-10-13 21:06:53 - [TEST_STEP][PASSED] - navigateToUrl("https://katalon-demo-cura.herokuapp.com/"): Navigate to 'https://katalon-demo-cura.herokuapp.com/' successfully

2020-10-13 21:07:03 - [MESSAGE][PASSED] - Navigate to 'https://katalon-demo-cura.herokuapp.com/' successfully

2020-10-13 21:07:03 - [TEST_STEP][PASSED] - click(findTestObject("Object Repository/Page_CURA Healthcare Service/a_Make Appointment")): Object: 'Object Repository/Page_CURA Healthcare Service/a_Make Appointment' is clicked on

2020-10-13 21:07:04 - [MESSAGE][PASSED] - Object: 'Object Repository/Page_CURA Healthcare Service/a_Make Appointment' is clicked on

2020-10-13 21:07:04 - [TEST_STEP][PASSED] - setText(findTestObject("Object Repository/Page_CURA Healthcare Service/input_Username_username"), "John Doe"): Text 'John Doe' is set on object 'Object Repository/Page_CURA Healthcare Service/input_Username_username'

2020-10-13 21:07:05 - [MESSAGE][PASSED] - Text 'John Doe' is set on object 'Object Repository/Page_CURA Healthcare Service/input_Username_username'

2020-10-13 21:07:05 - [TEST_STEP][PASSED] - setEncryptedText(findTestObject("Object Repository/Page_CURA Healthcare Service/input_Password_password"), "g3/DOGG74jC3Flrr3yH+3D/yKbOqqUNM"): Text ****** has been set on object 'Object Repository/Page_CURA Healthcare Service/input_Password_password'

2020-10-13 21:07:06 - [MESSAGE][PASSED] - Text ****** has been set on object 'Object Repository/Page_CURA Healthcare Service/input_Password_password'

2020-10-13 21:07:06 - [TEST_STEP][PASSED] - click(findTestObject("Object Repository/Page_CURA Healthcare Service/button_Login")): Object: 'Object Repository/Page_CURA Healthcare Service/button_Login' is clicked on

2020-10-13 21:07:07 - [MESSAGE][PASSED] - Object: 'Object Repository/Page_CURA Healthcare Service/button_Login' is clicked on

2020-10-13 21:07:07 - [TEST_STEP][PASSED] - click(findTestObject("Object Repository/Page_CURA Healthcare Service/h2_Make Appointment")): Object: 'Object Repository/Page_CURA Healthcare Service/h2_Make Appointment' is clicked on

2020-10-13 21:07:07 - [MESSAGE][PASSED] - Object: 'Object Repository/Page_CURA Healthcare Service/h2_Make Appointment' is clicked on

2020-10-13 21:07:07 - [TEST_STEP][PASSED] - closeBrowser(): Browser is closed

2020-10-13 21:07:08 - [MESSAGE][PASSED] - Browser is closed]]></system-out>
         <system-err><![CDATA[]]></system-err>
      </testcase>
      <testcase name="Test Cases/TC002" time="17.003" classname="Test Cases/TC002" status="PASSED">
         <system-out><![CDATA[2020-10-13 21:07:08 - [TEST_CASE][PASSED] - Test Cases/TC002: Test Cases/TC002

2020-10-13 21:07:08 - [TEST_STEP][PASSED] - openBrowser(""): Browser is opened with url: ''

2020-10-13 21:07:08 - [MESSAGE][INFO] - Starting 'Edge Chromium' driver

2020-10-13 21:07:09 - [MESSAGE][INFO] - Action delay is set to 0 milliseconds

2020-10-13 21:07:11 - [MESSAGE][PASSED] - Browser is opened with url: ''

2020-10-13 21:07:11 - [TEST_STEP][PASSED] - navigateToUrl("https://katalon-demo-cura.herokuapp.com/"): Navigate to 'https://katalon-demo-cura.herokuapp.com/' successfully

2020-10-13 21:07:21 - [MESSAGE][PASSED] - Navigate to 'https://katalon-demo-cura.herokuapp.com/' successfully

2020-10-13 21:07:21 - [TEST_STEP][PASSED] - click(findTestObject("Object Repository/Page_CURA Healthcare Service/a_Make Appointment")): Object: 'Object Repository/Page_CURA Healthcare Service/a_Make Appointment' is clicked on

2020-10-13 21:07:22 - [MESSAGE][PASSED] - Object: 'Object Repository/Page_CURA Healthcare Service/a_Make Appointment' is clicked on

2020-10-13 21:07:22 - [TEST_STEP][PASSED] - setText(findTestObject("Object Repository/Page_CURA Healthcare Service/input_Username_username"), "John Doe"): Text 'John Doe' is set on object 'Object Repository/Page_CURA Healthcare Service/input_Username_username'

2020-10-13 21:07:23 - [MESSAGE][PASSED] - Text 'John Doe' is set on object 'Object Repository/Page_CURA Healthcare Service/input_Username_username'

2020-10-13 21:07:23 - [TEST_STEP][PASSED] - click(findTestObject("Object Repository/Page_CURA Healthcare Service/button_Login")): Object: 'Object Repository/Page_CURA Healthcare Service/button_Login' is clicked on

2020-10-13 21:07:24 - [MESSAGE][PASSED] - Object: 'Object Repository/Page_CURA Healthcare Service/button_Login' is clicked on

2020-10-13 21:07:24 - [TEST_STEP][PASSED] - click(findTestObject("Object Repository/Page_CURA Healthcare Service/p_Login failed Please ensure the username a_eb55b5")): Object: 'Object Repository/Page_CURA Healthcare Service/p_Login failed Please ensure the username a_eb55b5' is clicked on

2020-10-13 21:07:24 - [MESSAGE][PASSED] - Object: 'Object Repository/Page_CURA Healthcare Service/p_Login failed Please ensure the username a_eb55b5' is clicked on

2020-10-13 21:07:24 - [TEST_STEP][PASSED] - closeBrowser(): Browser is closed

2020-10-13 21:07:25 - [MESSAGE][PASSED] - Browser is closed]]></system-out>
         <system-err><![CDATA[]]></system-err>
      </testcase>
      <testcase name="Test Cases/TC003" time="32.289" classname="Test Cases/TC003" status="PASSED">
         <system-out><![CDATA[2020-10-13 21:07:25 - [TEST_CASE][PASSED] - Test Cases/TC003: Test Cases/TC003

2020-10-13 21:07:25 - [TEST_STEP][PASSED] - openBrowser(""): Browser is opened with url: ''

2020-10-13 21:07:25 - [MESSAGE][INFO] - Starting 'Edge Chromium' driver

2020-10-13 21:07:26 - [MESSAGE][INFO] - Action delay is set to 0 milliseconds

2020-10-13 21:07:28 - [MESSAGE][PASSED] - Browser is opened with url: ''

2020-10-13 21:07:28 - [TEST_STEP][PASSED] - navigateToUrl("https://katalon-demo-cura.herokuapp.com/"): Navigate to 'https://katalon-demo-cura.herokuapp.com/' successfully

2020-10-13 21:07:53 - [MESSAGE][PASSED] - Navigate to 'https://katalon-demo-cura.herokuapp.com/' successfully

2020-10-13 21:07:53 - [TEST_STEP][PASSED] - click(findTestObject("Object Repository/Page_CURA Healthcare Service/a_Make Appointment")): Object: 'Object Repository/Page_CURA Healthcare Service/a_Make Appointment' is clicked on

2020-10-13 21:07:54 - [MESSAGE][PASSED] - Object: 'Object Repository/Page_CURA Healthcare Service/a_Make Appointment' is clicked on

2020-10-13 21:07:54 - [TEST_STEP][PASSED] - setText(findTestObject("Object Repository/Page_CURA Healthcare Service/input_Username_username"), "hahahshshsh"): Text 'hahahshshsh' is set on object 'Object Repository/Page_CURA Healthcare Service/input_Username_username'

2020-10-13 21:07:54 - [MESSAGE][PASSED] - Text 'hahahshshsh' is set on object 'Object Repository/Page_CURA Healthcare Service/input_Username_username'

2020-10-13 21:07:54 - [TEST_STEP][PASSED] - setEncryptedText(findTestObject("Object Repository/Page_CURA Healthcare Service/input_Password_password"), "g3/DOGG74jC3Flrr3yH+3D/yKbOqqUNM"): Text ****** has been set on object 'Object Repository/Page_CURA Healthcare Service/input_Password_password'

2020-10-13 21:07:55 - [MESSAGE][PASSED] - Text ****** has been set on object 'Object Repository/Page_CURA Healthcare Service/input_Password_password'

2020-10-13 21:07:55 - [TEST_STEP][PASSED] - click(findTestObject("Object Repository/Page_CURA Healthcare Service/button_Login")): Object: 'Object Repository/Page_CURA Healthcare Service/button_Login' is clicked on

2020-10-13 21:07:56 - [MESSAGE][PASSED] - Object: 'Object Repository/Page_CURA Healthcare Service/button_Login' is clicked on

2020-10-13 21:07:56 - [TEST_STEP][PASSED] - click(findTestObject("Object Repository/Page_CURA Healthcare Service/p_Login failed Please ensure the username a_eb55b5")): Object: 'Object Repository/Page_CURA Healthcare Service/p_Login failed Please ensure the username a_eb55b5' is clicked on

2020-10-13 21:07:56 - [MESSAGE][PASSED] - Object: 'Object Repository/Page_CURA Healthcare Service/p_Login failed Please ensure the username a_eb55b5' is clicked on

2020-10-13 21:07:56 - [TEST_STEP][PASSED] - closeBrowser(): Browser is closed

2020-10-13 21:07:57 - [MESSAGE][PASSED] - Browser is closed]]></system-out>
         <system-err><![CDATA[]]></system-err>
      </testcase>
      <testcase name="Test Cases/TC004" time="17.343" classname="Test Cases/TC004" status="PASSED">
         <system-out><![CDATA[2020-10-13 21:07:57 - [TEST_CASE][PASSED] - Test Cases/TC004: Test Cases/TC004

2020-10-13 21:07:58 - [TEST_STEP][PASSED] - openBrowser(""): Browser is opened with url: ''

2020-10-13 21:07:58 - [MESSAGE][INFO] - Starting 'Edge Chromium' driver

2020-10-13 21:07:58 - [MESSAGE][INFO] - Action delay is set to 0 milliseconds

2020-10-13 21:08:01 - [MESSAGE][PASSED] - Browser is opened with url: ''

2020-10-13 21:08:01 - [TEST_STEP][PASSED] - navigateToUrl("https://katalon-demo-cura.herokuapp.com/"): Navigate to 'https://katalon-demo-cura.herokuapp.com/' successfully

2020-10-13 21:08:11 - [MESSAGE][PASSED] - Navigate to 'https://katalon-demo-cura.herokuapp.com/' successfully

2020-10-13 21:08:11 - [TEST_STEP][PASSED] - click(findTestObject("Object Repository/Page_CURA Healthcare Service/a_Make Appointment")): Object: 'Object Repository/Page_CURA Healthcare Service/a_Make Appointment' is clicked on

2020-10-13 21:08:12 - [MESSAGE][PASSED] - Object: 'Object Repository/Page_CURA Healthcare Service/a_Make Appointment' is clicked on

2020-10-13 21:08:12 - [TEST_STEP][PASSED] - setText(findTestObject("Object Repository/Page_CURA Healthcare Service/input_Username_username"), "John Doe"): Text 'John Doe' is set on object 'Object Repository/Page_CURA Healthcare Service/input_Username_username'

2020-10-13 21:08:12 - [MESSAGE][PASSED] - Text 'John Doe' is set on object 'Object Repository/Page_CURA Healthcare Service/input_Username_username'

2020-10-13 21:08:12 - [TEST_STEP][PASSED] - setEncryptedText(findTestObject("Object Repository/Page_CURA Healthcare Service/input_Password_password"), "k/i+bZeCFXZamuaxEsAoxw=="): Text ****** has been set on object 'Object Repository/Page_CURA Healthcare Service/input_Password_password'

2020-10-13 21:08:13 - [MESSAGE][PASSED] - Text ****** has been set on object 'Object Repository/Page_CURA Healthcare Service/input_Password_password'

2020-10-13 21:08:13 - [TEST_STEP][PASSED] - click(findTestObject("Object Repository/Page_CURA Healthcare Service/button_Login")): Object: 'Object Repository/Page_CURA Healthcare Service/button_Login' is clicked on

2020-10-13 21:08:13 - [MESSAGE][PASSED] - Object: 'Object Repository/Page_CURA Healthcare Service/button_Login' is clicked on

2020-10-13 21:08:13 - [TEST_STEP][PASSED] - click(findTestObject("Object Repository/Page_CURA Healthcare Service/p_Login failed Please ensure the username a_eb55b5")): Object: 'Object Repository/Page_CURA Healthcare Service/p_Login failed Please ensure the username a_eb55b5' is clicked on

2020-10-13 21:08:14 - [MESSAGE][PASSED] - Object: 'Object Repository/Page_CURA Healthcare Service/p_Login failed Please ensure the username a_eb55b5' is clicked on

2020-10-13 21:08:14 - [TEST_STEP][PASSED] - closeBrowser(): Browser is closed

2020-10-13 21:08:15 - [MESSAGE][PASSED] - Browser is closed]]></system-out>
         <system-err><![CDATA[]]></system-err>
      </testcase>
      <testcase name="Test Cases/TC005" time="15.311" classname="Test Cases/TC005" status="PASSED">
         <system-out><![CDATA[2020-10-13 21:08:15 - [TEST_CASE][PASSED] - Test Cases/TC005: Test Cases/TC005

2020-10-13 21:08:15 - [TEST_STEP][PASSED] - openBrowser(""): Browser is opened with url: ''

2020-10-13 21:08:15 - [MESSAGE][INFO] - Starting 'Edge Chromium' driver

2020-10-13 21:08:15 - [MESSAGE][INFO] - Action delay is set to 0 milliseconds

2020-10-13 21:08:18 - [MESSAGE][PASSED] - Browser is opened with url: ''

2020-10-13 21:08:18 - [TEST_STEP][PASSED] - navigateToUrl("https://katalon-demo-cura.herokuapp.com/"): Navigate to 'https://katalon-demo-cura.herokuapp.com/' successfully

2020-10-13 21:08:26 - [MESSAGE][PASSED] - Navigate to 'https://katalon-demo-cura.herokuapp.com/' successfully

2020-10-13 21:08:26 - [TEST_STEP][PASSED] - click(findTestObject("Object Repository/Page_CURA Healthcare Service/a_Make Appointment")): Object: 'Object Repository/Page_CURA Healthcare Service/a_Make Appointment' is clicked on

2020-10-13 21:08:27 - [MESSAGE][PASSED] - Object: 'Object Repository/Page_CURA Healthcare Service/a_Make Appointment' is clicked on

2020-10-13 21:08:27 - [TEST_STEP][PASSED] - click(findTestObject("Object Repository/Page_CURA Healthcare Service/button_Login")): Object: 'Object Repository/Page_CURA Healthcare Service/button_Login' is clicked on

2020-10-13 21:08:29 - [MESSAGE][PASSED] - Object: 'Object Repository/Page_CURA Healthcare Service/button_Login' is clicked on

2020-10-13 21:08:29 - [TEST_STEP][PASSED] - click(findTestObject("Object Repository/Page_CURA Healthcare Service/p_Login failed Please ensure the username a_eb55b5")): Object: 'Object Repository/Page_CURA Healthcare Service/p_Login failed Please ensure the username a_eb55b5' is clicked on

2020-10-13 21:08:29 - [MESSAGE][PASSED] - Object: 'Object Repository/Page_CURA Healthcare Service/p_Login failed Please ensure the username a_eb55b5' is clicked on

2020-10-13 21:08:29 - [TEST_STEP][PASSED] - closeBrowser(): Browser is closed

2020-10-13 21:08:30 - [MESSAGE][PASSED] - Browser is closed]]></system-out>
         <system-err><![CDATA[]]></system-err>
      </testcase>
      <system-out><![CDATA[2020-10-13 21:06:45 - [TEST_SUITE][PASSED] - TS01: Test Cases/TC005]]></system-out>
      <system-err><![CDATA[]]></system-err>
   </testsuite>
</testsuites>
